This is pdfTeX, Version 3.14159265-2.6-1.40.16 (TeX Live 2015) (preloaded format=pdflatex 2015.5.24)  10 MAY 2020 13:09
entering extended mode
 restricted \write18 enabled.
 %&-line parsing enabled.
**EMGbasics_espanol.tex
(./EMGbasics_espanol.tex
LaTeX2e <2015/01/01>
Babel <3.9l> and hyphenation patterns for 79 languages loaded.
(/usr/local/texlive/2015/texmf-dist/tex/latex/base/article.cls
Document Class: article 2014/09/29 v1.4h Standard LaTeX document class
(/usr/local/texlive/2015/texmf-dist/tex/latex/base/size12.clo
File: size12.clo 2014/09/29 v1.4h Standard LaTeX file (size option)
)
\c@part=\count79
\c@section=\count80
\c@subsection=\count81
\c@subsubsection=\count82
\c@paragraph=\count83
\c@subparagraph=\count84
\c@figure=\count85
\c@table=\count86
\abovecaptionskip=\skip41
\belowcaptionskip=\skip42
\bibindent=\dimen102
)
(/usr/local/texlive/2015/texmf-dist/tex/generic/babel/babel.sty
Package: babel 2014/09/25 3.9l The Babel package

(/usr/local/texlive/2015/texmf-dist/tex/generic/babel-spanish/spanish.ldf
Language: spanish.ldf 2014/04/24 v5.0n Spanish support from the babel system

(/usr/local/texlive/2015/texmf-dist/tex/generic/babel/babel.def
File: babel.def 2014/09/25 3.9l Babel common definitions
\babel@savecnt=\count87
\U@D=\dimen103
)
\es@quottoks=\toks14
\es@quotdepth=\count88
Package babel Info: Making " an active character on input line 516.
Package babel Info: Making . an active character on input line 617.
Package babel Info: Making < an active character on input line 662.
Package babel Info: Making > an active character on input line 662.
))
LaTeX Info: Redefining \. on input line 5.
LaTeX Info: Redefining \% on input line 5.

(/usr/local/texlive/2015/texmf-dist/tex/latex/base/inputenc.sty
Package: inputenc 2015/03/17 v1.2c Input encoding file
\inpenc@prehook=\toks15
\inpenc@posthook=\toks16

(/usr/local/texlive/2015/texmf-dist/tex/latex/base/utf8.def
File: utf8.def 2014/09/29 v1.1m UTF-8 support for inputenc
Now handling font encoding OML ...
... no UTF-8 mapping file for font encoding OML
Now handling font encoding T1 ...
... processing UTF-8 mapping file for font encoding T1

(/usr/local/texlive/2015/texmf-dist/tex/latex/base/t1enc.dfu
File: t1enc.dfu 2014/09/29 v1.1m UTF-8 support for inputenc
   defining Unicode char U+00A1 (decimal 161)
   defining Unicode char U+00A3 (decimal 163)
   defining Unicode char U+00AB (decimal 171)
   defining Unicode char U+00BB (decimal 187)
   defining Unicode char U+00BF (decimal 191)
   defining Unicode char U+00C0 (decimal 192)
   defining Unicode char U+00C1 (decimal 193)
   defining Unicode char U+00C2 (decimal 194)
   defining Unicode char U+00C3 (decimal 195)
   defining Unicode char U+00C4 (decimal 196)
   defining Unicode char U+00C5 (decimal 197)
   defining Unicode char U+00C6 (decimal 198)
   defining Unicode char U+00C7 (decimal 199)
   defining Unicode char U+00C8 (decimal 200)
   defining Unicode char U+00C9 (decimal 201)
   defining Unicode char U+00CA (decimal 202)
   defining Unicode char U+00CB (decimal 203)
   defining Unicode char U+00CC (decimal 204)
   defining Unicode char U+00CD (decimal 205)
   defining Unicode char U+00CE (decimal 206)
   defining Unicode char U+00CF (decimal 207)
   defining Unicode char U+00D0 (decimal 208)
   defining Unicode char U+00D1 (decimal 209)
   defining Unicode char U+00D2 (decimal 210)
   defining Unicode char U+00D3 (decimal 211)
   defining Unicode char U+00D4 (decimal 212)
   defining Unicode char U+00D5 (decimal 213)
   defining Unicode char U+00D6 (decimal 214)
   defining Unicode char U+00D8 (decimal 216)
   defining Unicode char U+00D9 (decimal 217)
   defining Unicode char U+00DA (decimal 218)
   defining Unicode char U+00DB (decimal 219)
   defining Unicode char U+00DC (decimal 220)
   defining Unicode char U+00DD (decimal 221)
   defining Unicode char U+00DE (decimal 222)
   defining Unicode char U+00DF (decimal 223)
   defining Unicode char U+00E0 (decimal 224)
   defining Unicode char U+00E1 (decimal 225)
   defining Unicode char U+00E2 (decimal 226)
   defining Unicode char U+00E3 (decimal 227)
   defining Unicode char U+00E4 (decimal 228)
   defining Unicode char U+00E5 (decimal 229)
   defining Unicode char U+00E6 (decimal 230)
   defining Unicode char U+00E7 (decimal 231)
   defining Unicode char U+00E8 (decimal 232)
   defining Unicode char U+00E9 (decimal 233)
   defining Unicode char U+00EA (decimal 234)
   defining Unicode char U+00EB (decimal 235)
   defining Unicode char U+00EC (decimal 236)
   defining Unicode char U+00ED (decimal 237)
   defining Unicode char U+00EE (decimal 238)
   defining Unicode char U+00EF (decimal 239)
   defining Unicode char U+00F0 (decimal 240)
   defining Unicode char U+00F1 (decimal 241)
   defining Unicode char U+00F2 (decimal 242)
   defining Unicode char U+00F3 (decimal 243)
   defining Unicode char U+00F4 (decimal 244)
   defining Unicode char U+00F5 (decimal 245)
   defining Unicode char U+00F6 (decimal 246)
   defining Unicode char U+00F8 (decimal 248)
   defining Unicode char U+00F9 (decimal 249)
   defining Unicode char U+00FA (decimal 250)
   defining Unicode char U+00FB (decimal 251)
   defining Unicode char U+00FC (decimal 252)
   defining Unicode char U+00FD (decimal 253)
   defining Unicode char U+00FE (decimal 254)
   defining Unicode char U+00FF (decimal 255)
   defining Unicode char U+0102 (decimal 258)
   defining Unicode char U+0103 (decimal 259)
   defining Unicode char U+0104 (decimal 260)
   defining Unicode char U+0105 (decimal 261)
   defining Unicode char U+0106 (decimal 262)
   defining Unicode char U+0107 (decimal 263)
   defining Unicode char U+010C (decimal 268)
   defining Unicode char U+010D (decimal 269)
   defining Unicode char U+010E (decimal 270)
   defining Unicode char U+010F (decimal 271)
   defining Unicode char U+0110 (decimal 272)
   defining Unicode char U+0111 (decimal 273)
   defining Unicode char U+0118 (decimal 280)
   defining Unicode char U+0119 (decimal 281)
   defining Unicode char U+011A (decimal 282)
   defining Unicode char U+011B (decimal 283)
   defining Unicode char U+011E (decimal 286)
   defining Unicode char U+011F (decimal 287)
   defining Unicode char U+0130 (decimal 304)
   defining Unicode char U+0131 (decimal 305)
   defining Unicode char U+0132 (decimal 306)
   defining Unicode char U+0133 (decimal 307)
   defining Unicode char U+0139 (decimal 313)
   defining Unicode char U+013A (decimal 314)
   defining Unicode char U+013D (decimal 317)
   defining Unicode char U+013E (decimal 318)
   defining Unicode char U+0141 (decimal 321)
   defining Unicode char U+0142 (decimal 322)
   defining Unicode char U+0143 (decimal 323)
   defining Unicode char U+0144 (decimal 324)
   defining Unicode char U+0147 (decimal 327)
   defining Unicode char U+0148 (decimal 328)
   defining Unicode char U+014A (decimal 330)
   defining Unicode char U+014B (decimal 331)
   defining Unicode char U+0150 (decimal 336)
   defining Unicode char U+0151 (decimal 337)
   defining Unicode char U+0152 (decimal 338)
   defining Unicode char U+0153 (decimal 339)
   defining Unicode char U+0154 (decimal 340)
   defining Unicode char U+0155 (decimal 341)
   defining Unicode char U+0158 (decimal 344)
   defining Unicode char U+0159 (decimal 345)
   defining Unicode char U+015A (decimal 346)
   defining Unicode char U+015B (decimal 347)
   defining Unicode char U+015E (decimal 350)
   defining Unicode char U+015F (decimal 351)
   defining Unicode char U+0160 (decimal 352)
   defining Unicode char U+0161 (decimal 353)
   defining Unicode char U+0162 (decimal 354)
   defining Unicode char U+0163 (decimal 355)
   defining Unicode char U+0164 (decimal 356)
   defining Unicode char U+0165 (decimal 357)
   defining Unicode char U+016E (decimal 366)
   defining Unicode char U+016F (decimal 367)
   defining Unicode char U+0170 (decimal 368)
   defining Unicode char U+0171 (decimal 369)
   defining Unicode char U+0178 (decimal 376)
   defining Unicode char U+0179 (decimal 377)
   defining Unicode char U+017A (decimal 378)
   defining Unicode char U+017B (decimal 379)
   defining Unicode char U+017C (decimal 380)
   defining Unicode char U+017D (decimal 381)
   defining Unicode char U+017E (decimal 382)
   defining Unicode char U+200C (decimal 8204)
   defining Unicode char U+2013 (decimal 8211)
   defining Unicode char U+2014 (decimal 8212)
   defining Unicode char U+2018 (decimal 8216)
   defining Unicode char U+2019 (decimal 8217)
   defining Unicode char U+201A (decimal 8218)
   defining Unicode char U+201C (decimal 8220)
   defining Unicode char U+201D (decimal 8221)
   defining Unicode char U+201E (decimal 8222)
   defining Unicode char U+2030 (decimal 8240)
   defining Unicode char U+2031 (decimal 8241)
   defining Unicode char U+2039 (decimal 8249)
   defining Unicode char U+203A (decimal 8250)
   defining Unicode char U+2423 (decimal 9251)
)
Now handling font encoding OT1 ...
... processing UTF-8 mapping file for font encoding OT1

(/usr/local/texlive/2015/texmf-dist/tex/latex/base/ot1enc.dfu
File: ot1enc.dfu 2014/09/29 v1.1m UTF-8 support for inputenc
   defining Unicode char U+00A1 (decimal 161)
   defining Unicode char U+00A3 (decimal 163)
   defining Unicode char U+00B8 (decimal 184)
   defining Unicode char U+00BF (decimal 191)
   defining Unicode char U+00C5 (decimal 197)
   defining Unicode char U+00C6 (decimal 198)
   defining Unicode char U+00D8 (decimal 216)
   defining Unicode char U+00DF (decimal 223)
   defining Unicode char U+00E6 (decimal 230)
   defining Unicode char U+00EC (decimal 236)
   defining Unicode char U+00ED (decimal 237)
   defining Unicode char U+00EE (decimal 238)
   defining Unicode char U+00EF (decimal 239)
   defining Unicode char U+00F8 (decimal 248)
   defining Unicode char U+0131 (decimal 305)
   defining Unicode char U+0141 (decimal 321)
   defining Unicode char U+0142 (decimal 322)
   defining Unicode char U+0152 (decimal 338)
   defining Unicode char U+0153 (decimal 339)
   defining Unicode char U+2013 (decimal 8211)
   defining Unicode char U+2014 (decimal 8212)
   defining Unicode char U+2018 (decimal 8216)
   defining Unicode char U+2019 (decimal 8217)
   defining Unicode char U+201C (decimal 8220)
   defining Unicode char U+201D (decimal 8221)
)
Now handling font encoding OMS ...
... processing UTF-8 mapping file for font encoding OMS

(/usr/local/texlive/2015/texmf-dist/tex/latex/base/omsenc.dfu
File: omsenc.dfu 2014/09/29 v1.1m UTF-8 support for inputenc
   defining Unicode char U+00A7 (decimal 167)
   defining Unicode char U+00B6 (decimal 182)
   defining Unicode char U+00B7 (decimal 183)
   defining Unicode char U+2020 (decimal 8224)
   defining Unicode char U+2021 (decimal 8225)
   defining Unicode char U+2022 (decimal 8226)
)
Now handling font encoding OMX ...
... no UTF-8 mapping file for font encoding OMX
Now handling font encoding U ...
... no UTF-8 mapping file for font encoding U
   defining Unicode char U+00A9 (decimal 169)
   defining Unicode char U+00AA (decimal 170)
   defining Unicode char U+00AE (decimal 174)
   defining Unicode char U+00BA (decimal 186)
   defining Unicode char U+02C6 (decimal 710)
   defining Unicode char U+02DC (decimal 732)
   defining Unicode char U+200C (decimal 8204)
   defining Unicode char U+2026 (decimal 8230)
   defining Unicode char U+2122 (decimal 8482)
   defining Unicode char U+2423 (decimal 9251)
))
(/usr/local/texlive/2015/texmf-dist/tex/latex/geometry/geometry.sty
Package: geometry 2010/09/12 v5.6 Page Geometry

(/usr/local/texlive/2015/texmf-dist/tex/latex/graphics/keyval.sty
Package: keyval 2014/10/28 v1.15 key=value parser (DPC)
\KV@toks@=\toks17
)
(/usr/local/texlive/2015/texmf-dist/tex/generic/oberdiek/ifpdf.sty
Package: ifpdf 2011/01/30 v2.3 Provides the ifpdf switch (HO)
Package ifpdf Info: pdfTeX in PDF mode is detected.
)
(/usr/local/texlive/2015/texmf-dist/tex/generic/oberdiek/ifvtex.sty
Package: ifvtex 2010/03/01 v1.5 Detect VTeX and its facilities (HO)
Package ifvtex Info: VTeX not detected.
)
(/usr/local/texlive/2015/texmf-dist/tex/generic/ifxetex/ifxetex.sty
Package: ifxetex 2010/09/12 v0.6 Provides ifxetex conditional
)
\Gm@cnth=\count89
\Gm@cntv=\count90
\c@Gm@tempcnt=\count91
\Gm@bindingoffset=\dimen104
\Gm@wd@mp=\dimen105
\Gm@odd@mp=\dimen106
\Gm@even@mp=\dimen107
\Gm@layoutwidth=\dimen108
\Gm@layoutheight=\dimen109
\Gm@layouthoffset=\dimen110
\Gm@layoutvoffset=\dimen111
\Gm@dimlist=\toks18
)
(/usr/local/texlive/2015/texmf-dist/tex/latex/fancyhdr/fancyhdr.sty
\fancy@headwidth=\skip43
\f@ncyO@elh=\skip44
\f@ncyO@erh=\skip45
\f@ncyO@olh=\skip46
\f@ncyO@orh=\skip47
\f@ncyO@elf=\skip48
\f@ncyO@erf=\skip49
\f@ncyO@olf=\skip50
\f@ncyO@orf=\skip51
)
(/usr/local/texlive/2015/texmf-dist/tex/latex/parskip/parskip.sty
Package: parskip 2001/04/09 non-zero parskip adjustments
)
(/usr/local/texlive/2015/texmf-dist/tex/latex/base/fontenc.sty
Package: fontenc 2005/09/27 v1.99g Standard LaTeX package

(/usr/local/texlive/2015/texmf-dist/tex/latex/base/t1enc.def
File: t1enc.def 2005/09/27 v1.99g Standard LaTeX file
LaTeX Font Info:    Redeclaring font encoding T1 on input line 48.
))
(/usr/local/texlive/2015/texmf-dist/tex/latex/psnfss/helvet.sty
Package: helvet 2005/04/12 PSNFSS-v9.2a (WaS) 
)
(/usr/local/texlive/2015/texmf-dist/tex/latex/sectsty/sectsty.sty
Package: sectsty 2002/02/25 v2.0.2 Commands to change all sectional heading sty
les
)
(/usr/local/texlive/2015/texmf-dist/tex/latex/booktabs/booktabs.sty
Package: booktabs 2005/04/14 v1.61803 publication quality tables
\heavyrulewidth=\dimen112
\lightrulewidth=\dimen113
\cmidrulewidth=\dimen114
\belowrulesep=\dimen115
\belowbottomsep=\dimen116
\aboverulesep=\dimen117
\abovetopsep=\dimen118
\cmidrulesep=\dimen119
\cmidrulekern=\dimen120
\defaultaddspace=\dimen121
\@cmidla=\count92
\@cmidlb=\count93
\@aboverulesep=\dimen122
\@belowrulesep=\dimen123
\@thisruleclass=\count94
\@lastruleclass=\count95
\@thisrulewidth=\dimen124
)
(/usr/local/texlive/2015/texmf-dist/tex/latex/graphics/graphicx.sty
Package: graphicx 2014/10/28 v1.0g Enhanced LaTeX Graphics (DPC,SPQR)

(/usr/local/texlive/2015/texmf-dist/tex/latex/graphics/graphics.sty
Package: graphics 2014/10/28 v1.0p Standard LaTeX Graphics (DPC,SPQR)

(/usr/local/texlive/2015/texmf-dist/tex/latex/graphics/trig.sty
Package: trig 1999/03/16 v1.09 sin cos tan (DPC)
)
(/usr/local/texlive/2015/texmf-dist/tex/latex/latexconfig/graphics.cfg
File: graphics.cfg 2010/04/23 v1.9 graphics configuration of TeX Live
)
Package graphics Info: Driver file: pdftex.def on input line 94.

(/usr/local/texlive/2015/texmf-dist/tex/latex/pdftex-def/pdftex.def
File: pdftex.def 2011/05/27 v0.06d Graphics/color for pdfTeX

(/usr/local/texlive/2015/texmf-dist/tex/generic/oberdiek/infwarerr.sty
Package: infwarerr 2010/04/08 v1.3 Providing info/warning/error messages (HO)
)
(/usr/local/texlive/2015/texmf-dist/tex/generic/oberdiek/ltxcmds.sty
Package: ltxcmds 2011/11/09 v1.22 LaTeX kernel commands for general use (HO)
)
\Gread@gobject=\count96
))
\Gin@req@height=\dimen125
\Gin@req@width=\dimen126
)
(/usr/local/texlive/2015/texmf-dist/tex/latex/caption/caption.sty
Package: caption 2013/05/02 v3.3-89 Customizing captions (AR)

(/usr/local/texlive/2015/texmf-dist/tex/latex/caption/caption3.sty
Package: caption3 2013/05/02 v1.6-88 caption3 kernel (AR)
Package caption3 Info: TeX engine: e-TeX on input line 57.
\captionmargin=\dimen127
\captionmargin@=\dimen128
\captionwidth=\dimen129
\caption@tempdima=\dimen130
\caption@indent=\dimen131
\caption@parindent=\dimen132
\caption@hangindent=\dimen133
)
\c@ContinuedFloat=\count97
)
(/usr/local/texlive/2015/texmf-dist/tex/latex/xcolor/xcolor.sty
Package: xcolor 2007/01/21 v2.11 LaTeX color extensions (UK)

(/usr/local/texlive/2015/texmf-dist/tex/latex/latexconfig/color.cfg
File: color.cfg 2007/01/18 v1.5 color configuration of teTeX/TeXLive
)
Package xcolor Info: Driver file: pdftex.def on input line 225.

(/usr/local/texlive/2015/texmf-dist/tex/latex/colortbl/colortbl.sty
Package: colortbl 2012/02/13 v1.0a Color table columns (DPC)

(/usr/local/texlive/2015/texmf-dist/tex/latex/tools/array.sty
Package: array 2014/10/28 v2.4c Tabular extension package (FMi)
\col@sep=\dimen134
\extrarowheight=\dimen135
\NC@list=\toks19
\extratabsurround=\skip52
\backup@length=\skip53
)
\everycr=\toks20
\minrowclearance=\skip54
)
\rownum=\count98
Package xcolor Info: Model `cmy' substituted by `cmy0' on input line 1337.
Package xcolor Info: Model `hsb' substituted by `rgb' on input line 1341.
Package xcolor Info: Model `RGB' extended on input line 1353.
Package xcolor Info: Model `HTML' substituted by `rgb' on input line 1355.
Package xcolor Info: Model `Hsb' substituted by `hsb' on input line 1356.
Package xcolor Info: Model `tHsb' substituted by `hsb' on input line 1357.
Package xcolor Info: Model `HSB' substituted by `hsb' on input line 1358.
Package xcolor Info: Model `Gray' substituted by `gray' on input line 1359.
Package xcolor Info: Model `wave' substituted by `hsb' on input line 1360.

(/usr/local/texlive/2015/texmf-dist/tex/latex/graphics/dvipsnam.def
File: dvipsnam.def 2014/10/14 v3.0j Driver-dependent file (DPC,SPQR)
)
(/usr/local/texlive/2015/texmf-dist/tex/latex/xcolor/svgnam.def
File: svgnam.def 2007/01/21 v2.11 Predefined colors according to SVG 1.1 (UK)
))
(/usr/local/texlive/2015/texmf-dist/tex/latex/hyperref/hyperref.sty
Package: hyperref 2012/11/06 v6.83m Hypertext links for LaTeX

(/usr/local/texlive/2015/texmf-dist/tex/generic/oberdiek/hobsub-hyperref.sty
Package: hobsub-hyperref 2012/05/28 v1.13 Bundle oberdiek, subset hyperref (HO)


(/usr/local/texlive/2015/texmf-dist/tex/generic/oberdiek/hobsub-generic.sty
Package: hobsub-generic 2012/05/28 v1.13 Bundle oberdiek, subset generic (HO)
Package: hobsub 2012/05/28 v1.13 Construct package bundles (HO)
Package hobsub Info: Skipping package `infwarerr' (already loaded).
Package hobsub Info: Skipping package `ltxcmds' (already loaded).
Package: ifluatex 2010/03/01 v1.3 Provides the ifluatex switch (HO)
Package ifluatex Info: LuaTeX not detected.
Package hobsub Info: Skipping package `ifvtex' (already loaded).
Package: intcalc 2007/09/27 v1.1 Expandable calculations with integers (HO)
Package hobsub Info: Skipping package `ifpdf' (already loaded).
Package: etexcmds 2011/02/16 v1.5 Avoid name clashes with e-TeX commands (HO)
Package etexcmds Info: Could not find \expanded.
(etexcmds)             That can mean that you are not using pdfTeX 1.50 or
(etexcmds)             that some package has redefined \expanded.
(etexcmds)             In the latter case, load this package earlier.
Package: kvsetkeys 2012/04/25 v1.16 Key value parser (HO)
Package: kvdefinekeys 2011/04/07 v1.3 Define keys (HO)
Package: pdftexcmds 2011/11/29 v0.20 Utility functions of pdfTeX for LuaTeX (HO
)
Package pdftexcmds Info: LuaTeX not detected.
Package pdftexcmds Info: \pdf@primitive is available.
Package pdftexcmds Info: \pdf@ifprimitive is available.
Package pdftexcmds Info: \pdfdraftmode found.
Package: pdfescape 2011/11/25 v1.13 Implements pdfTeX's escape features (HO)
Package: bigintcalc 2012/04/08 v1.3 Expandable calculations on big integers (HO
)
Package: bitset 2011/01/30 v1.1 Handle bit-vector datatype (HO)
Package: uniquecounter 2011/01/30 v1.2 Provide unlimited unique counter (HO)
)
Package hobsub Info: Skipping package `hobsub' (already loaded).
Package: letltxmacro 2010/09/02 v1.4 Let assignment for LaTeX macros (HO)
Package: hopatch 2012/05/28 v1.2 Wrapper for package hooks (HO)
Package: xcolor-patch 2011/01/30 xcolor patch
Package: atveryend 2011/06/30 v1.8 Hooks at the very end of document (HO)
Package atveryend Info: \enddocument detected (standard20110627).
Package: atbegshi 2011/10/05 v1.16 At begin shipout hook (HO)
Package: refcount 2011/10/16 v3.4 Data extraction from label references (HO)
Package: hycolor 2011/01/30 v1.7 Color options for hyperref/bookmark (HO)
)
(/usr/local/texlive/2015/texmf-dist/tex/latex/oberdiek/auxhook.sty
Package: auxhook 2011/03/04 v1.3 Hooks for auxiliary files (HO)
)
(/usr/local/texlive/2015/texmf-dist/tex/latex/oberdiek/kvoptions.sty
Package: kvoptions 2011/06/30 v3.11 Key value format for package options (HO)
)
\@linkdim=\dimen136
\Hy@linkcounter=\count99
\Hy@pagecounter=\count100

(/usr/local/texlive/2015/texmf-dist/tex/latex/hyperref/pd1enc.def
File: pd1enc.def 2012/11/06 v6.83m Hyperref: PDFDocEncoding definition (HO)
Now handling font encoding PD1 ...
... no UTF-8 mapping file for font encoding PD1
)
\Hy@SavedSpaceFactor=\count101

(/usr/local/texlive/2015/texmf-dist/tex/latex/latexconfig/hyperref.cfg
File: hyperref.cfg 2002/06/06 v1.2 hyperref configuration of TeXLive
)
Package hyperref Info: Hyper figures OFF on input line 4443.
Package hyperref Info: Link nesting OFF on input line 4448.
Package hyperref Info: Hyper index ON on input line 4451.
Package hyperref Info: Plain pages OFF on input line 4458.
Package hyperref Info: Backreferencing OFF on input line 4463.
Package hyperref Info: Implicit mode ON; LaTeX internals redefined.
Package hyperref Info: Bookmarks ON on input line 4688.
\c@Hy@tempcnt=\count102

(/usr/local/texlive/2015/texmf-dist/tex/latex/url/url.sty
\Urlmuskip=\muskip10
Package: url 2013/09/16  ver 3.4  Verb mode for urls, etc.
)
LaTeX Info: Redefining \url on input line 5041.
\XeTeXLinkMargin=\dimen137
\Fld@menulength=\count103
\Field@Width=\dimen138
\Fld@charsize=\dimen139
Package hyperref Info: Hyper figures OFF on input line 6295.
Package hyperref Info: Link nesting OFF on input line 6300.
Package hyperref Info: Hyper index ON on input line 6303.
Package hyperref Info: backreferencing OFF on input line 6310.
Package hyperref Info: Link coloring OFF on input line 6315.
Package hyperref Info: Link coloring with OCG OFF on input line 6320.
Package hyperref Info: PDF/A mode OFF on input line 6325.
LaTeX Info: Redefining \ref on input line 6365.
LaTeX Info: Redefining \pageref on input line 6369.
\Hy@abspage=\count104
\c@Item=\count105
\c@Hfootnote=\count106
)

Package hyperref Message: Driver (autodetected): hpdftex.

(/usr/local/texlive/2015/texmf-dist/tex/latex/hyperref/hpdftex.def
File: hpdftex.def 2012/11/06 v6.83m Hyperref driver for pdfTeX
\Fld@listcount=\count107
\c@bookmark@seq@number=\count108

(/usr/local/texlive/2015/texmf-dist/tex/latex/oberdiek/rerunfilecheck.sty
Package: rerunfilecheck 2011/04/15 v1.7 Rerun checks for auxiliary files (HO)
Package uniquecounter Info: New unique counter `rerunfilecheck' on input line 2
82.
)
\Hy@SectionHShift=\skip55
)
Package babel Info: Redefining spanish shorthand <<
(babel)             in language  on input line 44.
Package babel Info: Redefining spanish shorthand >>
(babel)             in language  on input line 44.
Package babel Info: Redefining spanish shorthand "=
(babel)             in language  on input line 44.
Package babel Info: Redefining spanish shorthand "~
(babel)             in language  on input line 44.
Package babel Info: Redefining spanish shorthand "!
(babel)             in language  on input line 44.
Package babel Info: Redefining spanish shorthand "?
(babel)             in language  on input line 44.
Package hyperref Info: Option `colorlinks' set `true' on input line 44.

(/usr/local/texlive/2015/texmf-dist/tex/latex/natbib/natbib.sty
Package: natbib 2010/09/13 8.31b (PWD, AO)
\bibhang=\skip56
\bibsep=\skip57
LaTeX Info: Redefining \cite on input line 694.
\c@NAT@ctr=\count109
)
(/usr/local/texlive/2015/texmf-dist/tex/latex/preprint/authblk.sty
Package: authblk 2001/02/27 1.3 (PWD)
\affilsep=\skip58
\@affilsep=\skip59
\c@Maxaffil=\count110
\c@authors=\count111
\c@affil=\count112
)
(./EMGbasics_espanol.aux
LaTeX Info: Redefining \. on input line 24.
LaTeX Info: Redefining \% on input line 24.
LaTeX Info: Redefining \. on input line 28.
LaTeX Info: Redefining \% on input line 28.
)
\openout1 = `EMGbasics_espanol.aux'.

LaTeX Font Info:    Checking defaults for OML/cmm/m/it on input line 70.
LaTeX Font Info:    ... okay on input line 70.
LaTeX Font Info:    Checking defaults for T1/cmr/m/n on input line 70.
LaTeX Font Info:    ... okay on input line 70.
LaTeX Font Info:    Checking defaults for OT1/cmr/m/n on input line 70.
LaTeX Font Info:    ... okay on input line 70.
LaTeX Font Info:    Checking defaults for OMS/cmsy/m/n on input line 70.
LaTeX Font Info:    ... okay on input line 70.
LaTeX Font Info:    Checking defaults for OMX/cmex/m/n on input line 70.
LaTeX Font Info:    ... okay on input line 70.
LaTeX Font Info:    Checking defaults for U/cmr/m/n on input line 70.
LaTeX Font Info:    ... okay on input line 70.
LaTeX Font Info:    Checking defaults for PD1/pdf/m/n on input line 70.
LaTeX Font Info:    ... okay on input line 70.
LaTeX Font Info:    Try loading font information for T1+phv on input line 70.

(/usr/local/texlive/2015/texmf-dist/tex/latex/psnfss/t1phv.fd
File: t1phv.fd 2001/06/04 scalable font definitions for T1/phv.
)
LaTeX Font Info:    Font shape `T1/phv/m/n' will be
(Font)              scaled to size 11.03998pt on input line 70.
LaTeX Info: Redefining \. on input line 70.
LaTeX Info: Redefining \% on input line 70.

*geometry* driver: auto-detecting
*geometry* detected driver: pdftex
*geometry* verbose mode - [ preamble ] result:
* driver: pdftex
* paper: <default>
* layout: <same size as paper>
* layoutoffset:(h,v)=(0.0pt,0.0pt)
* modes: 
* h-part:(L,W,R)=(71.13188pt, 472.03123pt, 71.13188pt)
* v-part:(T,H,B)=(71.13188pt, 652.70622pt, 71.13188pt)
* \paperwidth=614.295pt
* \paperheight=794.96999pt
* \textwidth=472.03123pt
* \textheight=652.70622pt
* \oddsidemargin=-1.1381pt
* \evensidemargin=-1.1381pt
* \topmargin=-38.1381pt
* \headheight=12.0pt
* \headsep=25.0pt
* \topskip=12.0pt
* \footskip=30.0pt
* \marginparwidth=44.0pt
* \marginparsep=10.0pt
* \columnsep=10.0pt
* \skip\footins=10.8pt plus 4.0pt minus 2.0pt
* \hoffset=0.0pt
* \voffset=0.0pt
* \mag=1000
* \@twocolumnfalse
* \@twosidefalse
* \@mparswitchfalse
* \@reversemarginfalse
* (1in=72.27pt=25.4mm, 1cm=28.453pt)

(/usr/local/texlive/2015/texmf-dist/tex/context/base/supp-pdf.mkii
[Loading MPS to PDF converter (version 2006.09.02).]
\scratchcounter=\count113
\scratchdimen=\dimen140
\scratchbox=\box26
\nofMPsegments=\count114
\nofMParguments=\count115
\everyMPshowfont=\toks21
\MPscratchCnt=\count116
\MPscratchDim=\dimen141
\MPnumerator=\count117
\makeMPintoPDFobject=\count118
\everyMPtoPDFconversion=\toks22
) (/usr/local/texlive/2015/texmf-dist/tex/latex/oberdiek/epstopdf-base.sty
Package: epstopdf-base 2010/02/09 v2.5 Base part for package epstopdf

(/usr/local/texlive/2015/texmf-dist/tex/latex/oberdiek/grfext.sty
Package: grfext 2010/08/19 v1.1 Manage graphics extensions (HO)
)
Package grfext Info: Graphics extension search list:
(grfext)             [.png,.pdf,.jpg,.mps,.jpeg,.jbig2,.jb2,.PNG,.PDF,.JPG,.JPE
G,.JBIG2,.JB2,.eps]
(grfext)             \AppendGraphicsExtensions on input line 452.

(/usr/local/texlive/2015/texmf-dist/tex/latex/latexconfig/epstopdf-sys.cfg
File: epstopdf-sys.cfg 2010/07/13 v1.3 Configuration of (r)epstopdf for TeX Liv
e
))
Package caption Info: Begin \AtBeginDocument code.
Package caption Info: hyperref package is loaded.
Package caption Info: End \AtBeginDocument code.
\AtBeginShipoutBox=\box27
Package hyperref Info: Link coloring ON on input line 70.

(/usr/local/texlive/2015/texmf-dist/tex/latex/hyperref/nameref.sty
Package: nameref 2012/10/27 v2.43 Cross-referencing by name of section

(/usr/local/texlive/2015/texmf-dist/tex/generic/oberdiek/gettitlestring.sty
Package: gettitlestring 2010/12/03 v1.4 Cleanup title references (HO)
)
\c@section@level=\count119
)
LaTeX Info: Redefining \ref on input line 70.
LaTeX Info: Redefining \pageref on input line 70.
LaTeX Info: Redefining \nameref on input line 70.

(./EMGbasics_espanol.out) (./EMGbasics_espanol.out)
\@outlinefile=\write3
\openout3 = `EMGbasics_espanol.out'.

LaTeX Font Info:    Font shape `T1/phv/m/n' will be
(Font)              scaled to size 19.08076pt on input line 71.
LaTeX Font Info:    Font shape `T1/phv/m/n' will be
(Font)              scaled to size 15.89755pt on input line 71.
LaTeX Font Info:    Font shape `T1/phv/bx/n' in size <17.28> not available
(Font)              Font shape `T1/phv/b/n' tried instead on input line 71.
LaTeX Font Info:    Font shape `T1/phv/b/n' will be
(Font)              scaled to size 15.89755pt on input line 71.
LaTeX Font Info:    Font shape `T1/phv/m/n' will be
(Font)              scaled to size 13.24796pt on input line 71.
LaTeX Font Info:    External font `cmex10' loaded for size
(Font)              <14.4> on input line 71.
LaTeX Font Info:    External font `cmex10' loaded for size
(Font)              <7> on input line 71.
LaTeX Font Info:    Font shape `T1/phv/m/n' will be
(Font)              scaled to size 9.19998pt on input line 71.
LaTeX Font Info:    Font shape `T1/phv/m/n' will be
(Font)              scaled to size 10.07397pt on input line 71.
LaTeX Font Info:    Font shape `T1/phv/bx/n' in size <14> not available
(Font)              Font shape `T1/phv/b/n' tried instead on input line 74.
LaTeX Font Info:    Font shape `T1/phv/b/n' will be
(Font)              scaled to size 12.87997pt on input line 74.
LaTeX Font Info:    External font `cmex10' loaded for size
(Font)              <12> on input line 89.
LaTeX Font Info:    External font `cmex10' loaded for size
(Font)              <8> on input line 89.
LaTeX Font Info:    External font `cmex10' loaded for size
(Font)              <6> on input line 89.
LaTeX Font Info:    Font shape `T1/phv/bx/n' in size <12> not available
(Font)              Font shape `T1/phv/b/n' tried instead on input line 90.
LaTeX Font Info:    Font shape `T1/phv/b/n' will be
(Font)              scaled to size 11.03998pt on input line 90.

Overfull \hbox (37.21284pt too wide) in paragraph at lines 89--100
[][] 
 []

Package babel Info: Redefining spanish shorthand <<
(babel)             in language  on input line 108.
Package babel Info: Redefining spanish shorthand >>
(babel)             in language  on input line 108.
Package babel Info: Redefining spanish shorthand "=
(babel)             in language  on input line 108.
Package babel Info: Redefining spanish shorthand "~
(babel)             in language  on input line 108.
Package babel Info: Redefining spanish shorthand "!
(babel)             in language  on input line 108.
Package babel Info: Redefining spanish shorthand "?
(babel)             in language  on input line 108.
Package babel Info: Redefining spanish shorthand <<
(babel)             in language  on input line 108.
Package babel Info: Redefining spanish shorthand >>
(babel)             in language  on input line 108.
Package babel Info: Redefining spanish shorthand "=
(babel)             in language  on input line 108.
Package babel Info: Redefining spanish shorthand "~
(babel)             in language  on input line 108.
Package babel Info: Redefining spanish shorthand "!
(babel)             in language  on input line 108.
Package babel Info: Redefining spanish shorthand "?
(babel)             in language  on input line 108.
[1

{/usr/local/texlive/2015/texmf-var/fonts/map/pdftex/updmap/pdftex.map}]
LaTeX Font Info:    Font shape `T1/phv/bx/n' in size <14.4> not available
(Font)              Font shape `T1/phv/b/n' tried instead on input line 143.
LaTeX Font Info:    Font shape `T1/phv/b/n' will be
(Font)              scaled to size 13.24796pt on input line 143.
LaTeX Font Info:    Font shape `T1/phv/m/sl' will be
(Font)              scaled to size 11.03998pt on input line 161.


Package Fancyhdr Warning: \headheight is too small (12.0pt): 
 Make it at least 14.49998pt.
 We now make it that large for the rest of the document.
 This may cause the page layout to be inconsistent, however.

Package babel Info: Redefining spanish shorthand <<
(babel)             in language  on input line 161.
Package babel Info: Redefining spanish shorthand >>
(babel)             in language  on input line 161.
Package babel Info: Redefining spanish shorthand "=
(babel)             in language  on input line 161.
Package babel Info: Redefining spanish shorthand "~
(babel)             in language  on input line 161.
Package babel Info: Redefining spanish shorthand "!
(babel)             in language  on input line 161.
Package babel Info: Redefining spanish shorthand "?
(babel)             in language  on input line 161.
Package babel Info: Redefining spanish shorthand <<
(babel)             in language  on input line 161.
Package babel Info: Redefining spanish shorthand >>
(babel)             in language  on input line 161.
Package babel Info: Redefining spanish shorthand "=
(babel)             in language  on input line 161.
Package babel Info: Redefining spanish shorthand "~
(babel)             in language  on input line 161.
Package babel Info: Redefining spanish shorthand "!
(babel)             in language  on input line 161.
Package babel Info: Redefining spanish shorthand "?
(babel)             in language  on input line 161.
[2] <figures/levers2.png, id=27, 397.485pt x 327.1422pt>
File: figures/levers2.png Graphic file (type png)

<use figures/levers2.png>
Package pdftex.def Info: figures/levers2.png used on input line 164.
(pdftex.def)             Requested size: 448.42822pt x 369.08232pt.
LaTeX Font Info:    Font shape `T1/phv/bx/n' in size <10.95> not available
(Font)              Font shape `T1/phv/b/n' tried instead on input line 168.
LaTeX Font Info:    Font shape `T1/phv/b/n' will be
(Font)              scaled to size 10.07397pt on input line 168.
Package babel Info: Redefining spanish shorthand <<
(babel)             in language  on input line 194.
Package babel Info: Redefining spanish shorthand >>
(babel)             in language  on input line 194.
Package babel Info: Redefining spanish shorthand "=
(babel)             in language  on input line 194.
Package babel Info: Redefining spanish shorthand "~
(babel)             in language  on input line 194.
Package babel Info: Redefining spanish shorthand "!
(babel)             in language  on input line 194.
Package babel Info: Redefining spanish shorthand "?
(babel)             in language  on input line 194.
Package babel Info: Redefining spanish shorthand <<
(babel)             in language  on input line 194.
Package babel Info: Redefining spanish shorthand >>
(babel)             in language  on input line 194.
Package babel Info: Redefining spanish shorthand "=
(babel)             in language  on input line 194.
Package babel Info: Redefining spanish shorthand "~
(babel)             in language  on input line 194.
Package babel Info: Redefining spanish shorthand "!
(babel)             in language  on input line 194.
Package babel Info: Redefining spanish shorthand "?
(babel)             in language  on input line 194.
 [3 <./figures/levers2.png>]
<figures/muscleStructure.jpg, id=52, 325.215pt x 357.0138pt>
File: figures/muscleStructure.jpg Graphic file (type jpg)

<use figures/muscleStructure.jpg>
Package pdftex.def Info: figures/muscleStructure.jpg used on input line 255.
(pdftex.def)             Requested size: 330.42041pt x 362.75465pt.
LaTeX Font Info:    External font `cmex10' loaded for size
(Font)              <10.95> on input line 262.


LaTeX Warning: `!h' float specifier changed to `!ht'.

<figures/T-tubule.jpg, id=55, 277.9986pt x 177.3024pt>
File: figures/T-tubule.jpg Graphic file (type jpg)

<use figures/T-tubule.jpg>
Package pdftex.def Info: figures/T-tubule.jpg used on input line 271.
(pdftex.def)             Requested size: 201.79132pt x 128.7046pt.

<figures/SRsarcomere.png, id=56, 385.9218pt x 167.1846pt>
File: figures/SRsarcomere.png Graphic file (type png)

<use figures/SRsarcomere.png>
Package pdftex.def Info: figures/SRsarcomere.png used on input line 275.
(pdftex.def)             Requested size: 233.18459pt x 101.0207pt.
LaTeX Font Info:    Font shape `T1/phv/m/it' in size <10.95> not available
(Font)              Font shape `T1/phv/m/sl' tried instead on input line 284.
LaTeX Font Info:    Font shape `T1/phv/m/sl' will be
(Font)              scaled to size 10.07397pt on input line 284.


LaTeX Warning: `!h' float specifier changed to `!ht'.

Package babel Info: Redefining spanish shorthand <<
(babel)             in language  on input line 294.
Package babel Info: Redefining spanish shorthand >>
(babel)             in language  on input line 294.
Package babel Info: Redefining spanish shorthand "=
(babel)             in language  on input line 294.
Package babel Info: Redefining spanish shorthand "~
(babel)             in language  on input line 294.
Package babel Info: Redefining spanish shorthand "!
(babel)             in language  on input line 294.
Package babel Info: Redefining spanish shorthand "?
(babel)             in language  on input line 294.
Package babel Info: Redefining spanish shorthand <<
(babel)             in language  on input line 294.
Package babel Info: Redefining spanish shorthand >>
(babel)             in language  on input line 294.
Package babel Info: Redefining spanish shorthand "=
(babel)             in language  on input line 294.
Package babel Info: Redefining spanish shorthand "~
(babel)             in language  on input line 294.
Package babel Info: Redefining spanish shorthand "!
(babel)             in language  on input line 294.
Package babel Info: Redefining spanish shorthand "?
(babel)             in language  on input line 294.
[4]
Package babel Info: Redefining spanish shorthand <<
(babel)             in language  on input line 317.
Package babel Info: Redefining spanish shorthand >>
(babel)             in language  on input line 317.
Package babel Info: Redefining spanish shorthand "=
(babel)             in language  on input line 317.
Package babel Info: Redefining spanish shorthand "~
(babel)             in language  on input line 317.
Package babel Info: Redefining spanish shorthand "!
(babel)             in language  on input line 317.
Package babel Info: Redefining spanish shorthand "?
(babel)             in language  on input line 317.
Package babel Info: Redefining spanish shorthand <<
(babel)             in language  on input line 317.
Package babel Info: Redefining spanish shorthand >>
(babel)             in language  on input line 317.
Package babel Info: Redefining spanish shorthand "=
(babel)             in language  on input line 317.
Package babel Info: Redefining spanish shorthand "~
(babel)             in language  on input line 317.
Package babel Info: Redefining spanish shorthand "!
(babel)             in language  on input line 317.
Package babel Info: Redefining spanish shorthand "?
(babel)             in language  on input line 317.
 [5 <./figures/muscleStructure.jpg>]
<figures/sarcomere.png, id=80, 1027.84pt x 794.97pt>
File: figures/sarcomere.png Graphic file (type png)

<use figures/sarcomere.png>
Package pdftex.def Info: figures/sarcomere.png used on input line 322.
(pdftex.def)             Requested size: 377.62642pt x 292.07216pt.


LaTeX Warning: `!h' float specifier changed to `!ht'.

<figures/lengthTension.jpg, id=85, 305.4612pt x 230.7822pt>
File: figures/lengthTension.jpg Graphic file (type jpg)

<use figures/lengthTension.jpg>
Package pdftex.def Info: figures/lengthTension.jpg used on input line 349.
(pdftex.def)             Requested size: 354.02342pt x 267.4892pt.


LaTeX Warning: `!h' float specifier changed to `!ht'.


Overfull \hbox (0.34064pt too wide) in paragraph at lines 358--358
[][]\T1/phv/b/n/14.4 Acoplamiento de excitación-contracción y el ci-clo de puen
-tes cru-za-dos 
 []

LaTeX Font Info:    Font shape `T1/phv/m/n' will be
(Font)              scaled to size 7.35999pt on input line 360.
LaTeX Font Info:    External font `cmex10' loaded for size
(Font)              <5> on input line 362.
LaTeX Font Info:    Font shape `T1/phv/m/n' will be
(Font)              scaled to size 6.43999pt on input line 362.
LaTeX Font Info:    Font shape `T1/phv/bx/n' in size <10> not available
(Font)              Font shape `T1/phv/b/n' tried instead on input line 362.
LaTeX Font Info:    Font shape `T1/phv/b/n' will be
(Font)              scaled to size 9.19998pt on input line 362.

Package natbib Warning: Citation `guyton20006textbook' on page 6 undefined on i
nput line 362.

Package babel Info: Redefining spanish shorthand <<
(babel)             in language  on input line 383.
Package babel Info: Redefining spanish shorthand >>
(babel)             in language  on input line 383.
Package babel Info: Redefining spanish shorthand "=
(babel)             in language  on input line 383.
Package babel Info: Redefining spanish shorthand "~
(babel)             in language  on input line 383.
Package babel Info: Redefining spanish shorthand "!
(babel)             in language  on input line 383.
Package babel Info: Redefining spanish shorthand "?
(babel)             in language  on input line 383.
Package babel Info: Redefining spanish shorthand <<
(babel)             in language  on input line 383.
Package babel Info: Redefining spanish shorthand >>
(babel)             in language  on input line 383.
Package babel Info: Redefining spanish shorthand "=
(babel)             in language  on input line 383.
Package babel Info: Redefining spanish shorthand "~
(babel)             in language  on input line 383.
Package babel Info: Redefining spanish shorthand "!
(babel)             in language  on input line 383.
Package babel Info: Redefining spanish shorthand "?
(babel)             in language  on input line 383.
[6 <./figures/T-tubule.jpg> <./figures/SRsarcomere.png>]
Package babel Info: Redefining spanish shorthand <<
(babel)             in language  on input line 403.
Package babel Info: Redefining spanish shorthand >>
(babel)             in language  on input line 403.
Package babel Info: Redefining spanish shorthand "=
(babel)             in language  on input line 403.
Package babel Info: Redefining spanish shorthand "~
(babel)             in language  on input line 403.
Package babel Info: Redefining spanish shorthand "!
(babel)             in language  on input line 403.
Package babel Info: Redefining spanish shorthand "?
(babel)             in language  on input line 403.
Package babel Info: Redefining spanish shorthand <<
(babel)             in language  on input line 403.
Package babel Info: Redefining spanish shorthand >>
(babel)             in language  on input line 403.
Package babel Info: Redefining spanish shorthand "=
(babel)             in language  on input line 403.
Package babel Info: Redefining spanish shorthand "~
(babel)             in language  on input line 403.
Package babel Info: Redefining spanish shorthand "!
(babel)             in language  on input line 403.
Package babel Info: Redefining spanish shorthand "?
(babel)             in language  on input line 403.
 [7 <./figures/sarcomere.png>]
Package babel Info: Redefining spanish shorthand <<
(babel)             in language  on input line 433.
Package babel Info: Redefining spanish shorthand >>
(babel)             in language  on input line 433.
Package babel Info: Redefining spanish shorthand "=
(babel)             in language  on input line 433.
Package babel Info: Redefining spanish shorthand "~
(babel)             in language  on input line 433.
Package babel Info: Redefining spanish shorthand "!
(babel)             in language  on input line 433.
Package babel Info: Redefining spanish shorthand "?
(babel)             in language  on input line 433.
Package babel Info: Redefining spanish shorthand <<
(babel)             in language  on input line 433.
Package babel Info: Redefining spanish shorthand >>
(babel)             in language  on input line 433.
Package babel Info: Redefining spanish shorthand "=
(babel)             in language  on input line 433.
Package babel Info: Redefining spanish shorthand "~
(babel)             in language  on input line 433.
Package babel Info: Redefining spanish shorthand "!
(babel)             in language  on input line 433.
Package babel Info: Redefining spanish shorthand "?
(babel)             in language  on input line 433.
 [8 <./figures/lengthTension.jpg>]
<figures/myogram.jpg, id=121, 380.1402pt x 243.7908pt>
File: figures/myogram.jpg Graphic file (type jpg)

<use figures/myogram.jpg>
Package pdftex.def Info: figures/myogram.jpg used on input line 439.
(pdftex.def)             Requested size: 201.79132pt x 129.41682pt.

<figures/summation.jpg, id=122, 367.6134pt x 151.2852pt>
File: figures/summation.jpg Graphic file (type jpg)

<use figures/summation.jpg>
Package pdftex.def Info: figures/summation.jpg used on input line 443.
(pdftex.def)             Requested size: 246.63687pt x 101.49905pt.
Package babel Info: Redefining spanish shorthand <<
(babel)             in language  on input line 493.
Package babel Info: Redefining spanish shorthand >>
(babel)             in language  on input line 493.
Package babel Info: Redefining spanish shorthand "=
(babel)             in language  on input line 493.
Package babel Info: Redefining spanish shorthand "~
(babel)             in language  on input line 493.
Package babel Info: Redefining spanish shorthand "!
(babel)             in language  on input line 493.
Package babel Info: Redefining spanish shorthand "?
(babel)             in language  on input line 493.
Package babel Info: Redefining spanish shorthand <<
(babel)             in language  on input line 493.
Package babel Info: Redefining spanish shorthand >>
(babel)             in language  on input line 493.
Package babel Info: Redefining spanish shorthand "=
(babel)             in language  on input line 493.
Package babel Info: Redefining spanish shorthand "~
(babel)             in language  on input line 493.
Package babel Info: Redefining spanish shorthand "!
(babel)             in language  on input line 493.
Package babel Info: Redefining spanish shorthand "?
(babel)             in language  on input line 493.
 [9 <./figures/myogram.jpg> <./figures/summation.jpg>] <figures/emgAmp.png, id=
139, 932.5239pt x 562.2606pt>
File: figures/emgAmp.png Graphic file (type png)

<use figures/emgAmp.png>
Package pdftex.def Info: figures/emgAmp.png used on input line 496.
(pdftex.def)             Requested size: 330.42041pt x 199.22212pt.
Package babel Info: Redefining spanish shorthand <<
(babel)             in language  on input line 529.
Package babel Info: Redefining spanish shorthand >>
(babel)             in language  on input line 529.
Package babel Info: Redefining spanish shorthand "=
(babel)             in language  on input line 529.
Package babel Info: Redefining spanish shorthand "~
(babel)             in language  on input line 529.
Package babel Info: Redefining spanish shorthand "!
(babel)             in language  on input line 529.
Package babel Info: Redefining spanish shorthand "?
(babel)             in language  on input line 529.
Package babel Info: Redefining spanish shorthand <<
(babel)             in language  on input line 529.
Package babel Info: Redefining spanish shorthand >>
(babel)             in language  on input line 529.
Package babel Info: Redefining spanish shorthand "=
(babel)             in language  on input line 529.
Package babel Info: Redefining spanish shorthand "~
(babel)             in language  on input line 529.
Package babel Info: Redefining spanish shorthand "!
(babel)             in language  on input line 529.
Package babel Info: Redefining spanish shorthand "?
(babel)             in language  on input line 529.
 [10 <./figures/emgAmp.png>]
<figures/muscleSpikerBox.jpg, id=149, 2451.1575pt x 1871.99374pt>
File: figures/muscleSpikerBox.jpg Graphic file (type jpg)

<use figures/muscleSpikerBox.jpg>
Package pdftex.def Info: figures/muscleSpikerBox.jpg used on input line 578.
(pdftex.def)             Requested size: 377.62642pt x 288.38504pt.


LaTeX Warning: `!h' float specifier changed to `!ht'.

Package babel Info: Redefining spanish shorthand <<
(babel)             in language  on input line 590.
Package babel Info: Redefining spanish shorthand >>
(babel)             in language  on input line 590.
Package babel Info: Redefining spanish shorthand "=
(babel)             in language  on input line 590.
Package babel Info: Redefining spanish shorthand "~
(babel)             in language  on input line 590.
Package babel Info: Redefining spanish shorthand "!
(babel)             in language  on input line 590.
Package babel Info: Redefining spanish shorthand "?
(babel)             in language  on input line 590.
Package babel Info: Redefining spanish shorthand <<
(babel)             in language  on input line 590.
Package babel Info: Redefining spanish shorthand >>
(babel)             in language  on input line 590.
Package babel Info: Redefining spanish shorthand "=
(babel)             in language  on input line 590.
Package babel Info: Redefining spanish shorthand "~
(babel)             in language  on input line 590.
Package babel Info: Redefining spanish shorthand "!
(babel)             in language  on input line 590.
Package babel Info: Redefining spanish shorthand "?
(babel)             in language  on input line 590.
[11] <figures/BBrecorder.png, id=168, 664.4825pt x 510.90875pt>
File: figures/BBrecorder.png Graphic file (type png)

<use figures/BBrecorder.png>
Package pdftex.def Info: figures/BBrecorder.png used on input line 609.
(pdftex.def)             Requested size: 377.62642pt x 290.34787pt.


LaTeX Warning: `!h' float specifier changed to `!ht'.

Package babel Info: Redefining spanish shorthand <<
(babel)             in language  on input line 623.
Package babel Info: Redefining spanish shorthand >>
(babel)             in language  on input line 623.
Package babel Info: Redefining spanish shorthand "=
(babel)             in language  on input line 623.
Package babel Info: Redefining spanish shorthand "~
(babel)             in language  on input line 623.
Package babel Info: Redefining spanish shorthand "!
(babel)             in language  on input line 623.
Package babel Info: Redefining spanish shorthand "?
(babel)             in language  on input line 623.
Package babel Info: Redefining spanish shorthand <<
(babel)             in language  on input line 623.
Package babel Info: Redefining spanish shorthand >>
(babel)             in language  on input line 623.
Package babel Info: Redefining spanish shorthand "=
(babel)             in language  on input line 623.
Package babel Info: Redefining spanish shorthand "~
(babel)             in language  on input line 623.
Package babel Info: Redefining spanish shorthand "!
(babel)             in language  on input line 623.
Package babel Info: Redefining spanish shorthand "?
(babel)             in language  on input line 623.
[12 <./figures/muscleSpikerBox.jpg>]
Package babel Info: Redefining spanish shorthand <<
(babel)             in language  on input line 648.
Package babel Info: Redefining spanish shorthand >>
(babel)             in language  on input line 648.
Package babel Info: Redefining spanish shorthand "=
(babel)             in language  on input line 648.
Package babel Info: Redefining spanish shorthand "~
(babel)             in language  on input line 648.
Package babel Info: Redefining spanish shorthand "!
(babel)             in language  on input line 648.
Package babel Info: Redefining spanish shorthand "?
(babel)             in language  on input line 648.
Package babel Info: Redefining spanish shorthand <<
(babel)             in language  on input line 648.
Package babel Info: Redefining spanish shorthand >>
(babel)             in language  on input line 648.
Package babel Info: Redefining spanish shorthand "=
(babel)             in language  on input line 648.
Package babel Info: Redefining spanish shorthand "~
(babel)             in language  on input line 648.
Package babel Info: Redefining spanish shorthand "!
(babel)             in language  on input line 648.
Package babel Info: Redefining spanish shorthand "?
(babel)             in language  on input line 648.
 [13 <./figures/BBrecorder.png>]
(./EMGbasics_espanol.bbl
LaTeX Font Info:    Font shape `T1/phv/m/it' in size <10> not available
(Font)              Font shape `T1/phv/m/sl' tried instead on input line 11.
LaTeX Font Info:    Font shape `T1/phv/m/sl' will be
(Font)              scaled to size 9.19998pt on input line 11.
Package babel Info: Redefining spanish shorthand <<
(babel)             in language  on input line 53.
Package babel Info: Redefining spanish shorthand >>
(babel)             in language  on input line 53.
Package babel Info: Redefining spanish shorthand "=
(babel)             in language  on input line 53.
Package babel Info: Redefining spanish shorthand "~
(babel)             in language  on input line 53.
Package babel Info: Redefining spanish shorthand "!
(babel)             in language  on input line 53.
Package babel Info: Redefining spanish shorthand "?
(babel)             in language  on input line 53.
Package babel Info: Redefining spanish shorthand <<
(babel)             in language  on input line 53.
Package babel Info: Redefining spanish shorthand >>
(babel)             in language  on input line 53.
Package babel Info: Redefining spanish shorthand "=
(babel)             in language  on input line 53.
Package babel Info: Redefining spanish shorthand "~
(babel)             in language  on input line 53.
Package babel Info: Redefining spanish shorthand "!
(babel)             in language  on input line 53.
Package babel Info: Redefining spanish shorthand "?
(babel)             in language  on input line 53.
 [14])

Package natbib Warning: There were undefined citations.

Package atveryend Info: Empty hook `BeforeClearDocument' on input line 687.
Package babel Info: Redefining spanish shorthand <<
(babel)             in language  on input line 687.
Package babel Info: Redefining spanish shorthand >>
(babel)             in language  on input line 687.
Package babel Info: Redefining spanish shorthand "=
(babel)             in language  on input line 687.
Package babel Info: Redefining spanish shorthand "~
(babel)             in language  on input line 687.
Package babel Info: Redefining spanish shorthand "!
(babel)             in language  on input line 687.
Package babel Info: Redefining spanish shorthand "?
(babel)             in language  on input line 687.
Package babel Info: Redefining spanish shorthand <<
(babel)             in language  on input line 687.
Package babel Info: Redefining spanish shorthand >>
(babel)             in language  on input line 687.
Package babel Info: Redefining spanish shorthand "=
(babel)             in language  on input line 687.
Package babel Info: Redefining spanish shorthand "~
(babel)             in language  on input line 687.
Package babel Info: Redefining spanish shorthand "!
(babel)             in language  on input line 687.
Package babel Info: Redefining spanish shorthand "?
(babel)             in language  on input line 687.
[15]
Package atveryend Info: Empty hook `AfterLastShipout' on input line 687.
 (./EMGbasics_espanol.aux
LaTeX Info: Redefining \. on input line 24.
LaTeX Info: Redefining \% on input line 24.
LaTeX Info: Redefining \. on input line 28.
LaTeX Info: Redefining \% on input line 28.
)
Package atveryend Info: Executing hook `AtVeryEndDocument' on input line 687.
Package atveryend Info: Executing hook `AtEndAfterFileList' on input line 687.
Package rerunfilecheck Info: File `EMGbasics_espanol.out' has not changed.
(rerunfilecheck)             Checksum: D41D8CD98F00B204E9800998ECF8427E;0.
Package atveryend Info: Empty hook `AtVeryVeryEnd' on input line 687.
 ) 
Here is how much of TeX's memory you used:
 9354 strings out of 493089
 136639 string characters out of 6134842
 254794 words of memory out of 5000000
 12607 multiletter control sequences out of 15000+600000
 54761 words of font info for 62 fonts, out of 8000000 for 9000
 1141 hyphenation exceptions out of 8191
 41i,11n,45p,806b,507s stack positions out of 5000i,500n,10000p,200000b,80000s
{/usr/local/texlive/2015/texmf-dist/fonts/enc/dvips/base/8r.enc}{/usr/local/t
exlive/2015/texmf-dist/fonts/enc/dvips/cm-super/cm-super-t1.enc}</usr/local/tex
live/2015/texmf-dist/fonts/type1/public/amsfonts/cm/cmmi8.pfb></usr/local/texli
ve/2015/texmf-dist/fonts/type1/public/cm-super/sfrm1095.pfb></usr/local/texlive
/2015/texmf-dist/fonts/type1/public/cm-super/sfrm1200.pfb></usr/local/texlive/2
015/texmf-dist/fonts/type1/urw/helvetic/uhvb8a.pfb></usr/local/texlive/2015/tex
mf-dist/fonts/type1/urw/helvetic/uhvr8a.pfb></usr/local/texlive/2015/texmf-dist
/fonts/type1/urw/helvetic/uhvro8a.pfb>
Output written on EMGbasics_espanol.pdf (15 pages, 3036062 bytes).
PDF statistics:
 270 PDF objects out of 1000 (max. 8388607)
 222 compressed objects within 3 object streams
 89 named destinations out of 1000 (max. 500000)
 56 words of extra memory for PDF output out of 10000 (max. 10000000)

